<?xml version="1.0" encoding="UTF-8"?>
<!-- Generated by org.testng.reporters.JUnitXMLReporter -->
<testsuite hostname="kathala" ignored="2" name="Default test(failed)" tests="1" failures="0" timestamp="16 Jul 2018 20:10:21 GMT" time="19.947" errors="0">
  <testcase name="selectMultipleContactTest" time="6.322" classname="com.crm.qa.testcases.ContactsPageTest"/>
  <testcase name="selectSingleContactTest" time="0.0" classname="com.crm.qa.testcases.ContactsPageTest">
    <ignored/>
  </testcase> <!-- selectSingleContactTest -->
  <testcase name="contactsLabelTest" time="0.0" classname="com.crm.qa.testcases.ContactsPageTest">
    <ignored/>
  </testcase> <!-- contactsLabelTest -->
</testsuite> <!-- Default test(failed) -->
