<?xml version="1.0" encoding="UTF-8"?>
<!-- Generated by org.testng.reporters.JUnitXMLReporter -->
<testsuite hostname="kathala" ignored="2" name="Test(failed)" tests="1" failures="0" timestamp="16 Jul 2018 20:40:03 GMT" time="15.269" errors="0">
  <testcase name="navigateToContactsPageTest" time="1.07" classname="com.crm.qa.testcases.HomePageTest"/>
  <testcase name="userLabelTest" time="0.0" classname="com.crm.qa.testcases.HomePageTest">
    <ignored/>
  </testcase> <!-- userLabelTest -->
  <testcase name="homePageTitleTest" time="0.0" classname="com.crm.qa.testcases.HomePageTest">
    <ignored/>
  </testcase> <!-- homePageTitleTest -->
</testsuite> <!-- Test(failed) -->
