<?xml version="1.0" encoding="UTF-8"?>
<!-- Generated by org.testng.reporters.JUnitXMLReporter -->
<testsuite hostname="kathala" ignored="0" name="Default test" tests="3" failures="0" timestamp="17 Jul 2018 20:16:58 GMT" time="57.023" errors="0">
  <testcase name="createNewContactTest" time="1.482" classname="com.crm.qa.testcases.NewContactPageTest"/>
  <testcase name="createNewContactTest" time="1.824" classname="com.crm.qa.testcases.NewContactPageTest"/>
  <testcase name="createNewContactTest" time="1.627" classname="com.crm.qa.testcases.NewContactPageTest"/>
</testsuite> <!-- Default test -->
