<?xml version="1.0" encoding="UTF-8"?>
<testng-results skipped="0" failed="0" ignored="0" total="3" passed="3">
  <reporter-output>
  </reporter-output>
  <suite name="Default suite" duration-ms="24422" started-at="2018-07-16T17:28:11Z" finished-at="2018-07-16T17:28:35Z">
    <groups>
    </groups>
    <test name="Default test" duration-ms="24422" started-at="2018-07-16T17:28:11Z" finished-at="2018-07-16T17:28:35Z">
      <class name="com.crm.qa.testcases.LoginPageTest">
        <test-method status="PASS" signature="setUp()[pri:0, instance:com.crm.qa.testcases.LoginPageTest@7d9d1a19]" name="setUp" is-config="true" duration-ms="6039" started-at="2018-07-16T17:28:11Z" finished-at="2018-07-16T17:28:17Z">
          <reporter-output>
          </reporter-output>
        </test-method> <!-- setUp -->
        <test-method status="PASS" signature="crmLogoTest()[pri:0, instance:com.crm.qa.testcases.LoginPageTest@7d9d1a19]" name="crmLogoTest" duration-ms="178" started-at="2018-07-16T17:28:17Z" finished-at="2018-07-16T17:28:17Z">
          <reporter-output>
          </reporter-output>
        </test-method> <!-- crmLogoTest -->
        <test-method status="PASS" signature="tearDown()[pri:0, instance:com.crm.qa.testcases.LoginPageTest@7d9d1a19]" name="tearDown" is-config="true" duration-ms="682" started-at="2018-07-16T17:28:17Z" finished-at="2018-07-16T17:28:18Z">
          <reporter-output>
          </reporter-output>
        </test-method> <!-- tearDown -->
        <test-method status="PASS" signature="setUp()[pri:0, instance:com.crm.qa.testcases.LoginPageTest@7d9d1a19]" name="setUp" is-config="true" duration-ms="4689" started-at="2018-07-16T17:28:18Z" finished-at="2018-07-16T17:28:22Z">
          <reporter-output>
          </reporter-output>
        </test-method> <!-- setUp -->
        <test-method status="PASS" signature="loginPageTitleTest()[pri:0, instance:com.crm.qa.testcases.LoginPageTest@7d9d1a19]" name="loginPageTitleTest" duration-ms="16" started-at="2018-07-16T17:28:22Z" finished-at="2018-07-16T17:28:22Z">
          <reporter-output>
          </reporter-output>
        </test-method> <!-- loginPageTitleTest -->
        <test-method status="PASS" signature="tearDown()[pri:0, instance:com.crm.qa.testcases.LoginPageTest@7d9d1a19]" name="tearDown" is-config="true" duration-ms="644" started-at="2018-07-16T17:28:22Z" finished-at="2018-07-16T17:28:23Z">
          <reporter-output>
          </reporter-output>
        </test-method> <!-- tearDown -->
        <test-method status="PASS" signature="setUp()[pri:0, instance:com.crm.qa.testcases.LoginPageTest@7d9d1a19]" name="setUp" is-config="true" duration-ms="4669" started-at="2018-07-16T17:28:23Z" finished-at="2018-07-16T17:28:28Z">
          <reporter-output>
          </reporter-output>
        </test-method> <!-- setUp -->
        <test-method status="PASS" signature="loginTest()[pri:0, instance:com.crm.qa.testcases.LoginPageTest@7d9d1a19]" name="loginTest" duration-ms="6780" started-at="2018-07-16T17:28:28Z" finished-at="2018-07-16T17:28:34Z">
          <reporter-output>
          </reporter-output>
        </test-method> <!-- loginTest -->
        <test-method status="PASS" signature="tearDown()[pri:0, instance:com.crm.qa.testcases.LoginPageTest@7d9d1a19]" name="tearDown" is-config="true" duration-ms="654" started-at="2018-07-16T17:28:34Z" finished-at="2018-07-16T17:28:35Z">
          <reporter-output>
          </reporter-output>
        </test-method> <!-- tearDown -->
      </class> <!-- com.crm.qa.testcases.LoginPageTest -->
    </test> <!-- Default test -->
  </suite> <!-- Default suite -->
</testng-results>
